#
# There is insufficient memory for the Java Runtime Environment to continue.
# Native memory allocation (malloc) failed to allocate 1068176 bytes for Chunk::new
# Possible reasons:
#   The system is out of physical RAM or swap space
#   In 32 bit mode, the process size limit was hit
# Possible solutions:
#   Reduce memory load on the system
#   Increase physical memory or swap space
#   Check if swap backing store is full
#   Use 64 bit Java on a 64 bit OS
#   Decrease Java heap size (-Xmx/-Xms)
#   Decrease number of Java threads
#   Decrease Java thread stack sizes (-Xss)
#   Set larger code cache with -XX:ReservedCodeCacheSize=
# This output file may be truncated or incomplete.
#
#  Out of Memory Error (allocation.cpp:390), pid=109596, tid=0x000000000001b100
#
# JRE version: Java(TM) SE Runtime Environment (8.0_144-b01) (build 1.8.0_144-b01)
# Java VM: Java HotSpot(TM) 64-Bit Server VM (25.144-b01 mixed mode windows-amd64 compressed oops)
# Failed to write core dump. Minidumps are not enabled by default on client versions of Windows
#

---------------  T H R E A D  ---------------

Current thread (0x000000000e70c000):  JavaThread "C2 CompilerThread2" daemon [_thread_in_native, id=110848, stack(0x000000000f170000,0x000000000f270000)]

Stack: [0x000000000f170000,0x000000000f270000]
[error occurred during error reporting (printing stack bounds), id 0xc0000005]

Native frames: (J=compiled Java code, j=interpreted, Vv=VM code, C=native code)


Current CompileTask:
C2: 261805 27117   !   4       net.minecraft.client.renderer.chunk.ChunkRenderWorker::func_178474_a (614 bytes)


---------------  P R O C E S S  ---------------

Java Threads: ( => current thread )
  0x000000002c9fe000 JavaThread "Client Shutdown Thread" [_thread_in_Java, id=104536, stack(0x0000000000210000,0x0000000000310000)]
  0x0000000014722000 JavaThread "JM-task-4" [_thread_blocked, id=108108, stack(0x000000006f4b0000,0x000000006f5b0000)]
  0x000000001471a800 JavaThread "JM-texture-3" [_thread_blocked, id=102108, stack(0x000000006cf80000,0x000000006d080000)]
  0x0000000014721000 JavaThread "JM-texture-2" [_thread_blocked, id=110336, stack(0x000000006cc60000,0x000000006cd60000)]
  0x0000000014720800 JavaThread "Narrator" daemon [_thread_blocked, id=111100, stack(0x000000006ca50000,0x000000006cb50000)]
  0x000000001471f800 JavaThread "File IO Thread" [_thread_in_native, id=105608, stack(0x000000006b2f0000,0x000000006b3f0000)]
  0x000000001471f000 JavaThread "Chunk I/O Executor Thread-1" daemon [_thread_blocked, id=103864, stack(0x0000000037850000,0x0000000037950000)]
  0x000000001471e000 JavaThread "Chunk Batcher 7" daemon [_thread_blocked, id=23876, stack(0x0000000035710000,0x0000000035810000)]
  0x000000001471b000 JavaThread "Chunk Batcher 6" daemon [_thread_blocked, id=107756, stack(0x0000000035610000,0x0000000035710000)]
  0x000000001471d800 JavaThread "Chunk Batcher 5" daemon [_thread_blocked, id=111020, stack(0x0000000035510000,0x0000000035610000)]
  0x0000000014716800 JavaThread "Chunk Batcher 4" daemon [_thread_blocked, id=108780, stack(0x0000000035410000,0x0000000035510000)]
  0x0000000014718000 JavaThread "Chunk Batcher 2" daemon [_thread_blocked, id=110324, stack(0x0000000035210000,0x0000000035310000)]
  0x000000001471c800 JavaThread "Chunk Batcher 1" daemon [_thread_blocked, id=110796, stack(0x0000000035110000,0x0000000035210000)]
  0x000000001471c000 JavaThread "Chunk Batcher 0" daemon [_thread_blocked, id=109840, stack(0x0000000035010000,0x0000000035110000)]
  0x0000000014715800 JavaThread "Netty Server IO #1" daemon [_thread_in_native, id=30816, stack(0x0000000034f10000,0x0000000035010000)]
  0x0000000014717800 JavaThread "Netty Local Client IO #0" daemon [_thread_blocked, id=111608, stack(0x0000000034e10000,0x0000000034f10000)]
  0x000000002c9fd800 JavaThread "Netty Server IO #0" daemon [_thread_in_native, id=106216, stack(0x0000000034b10000,0x0000000034c10000)]
  0x000000002c9ff000 JavaThread "Forestry Greenhouse" [_thread_blocked, id=106544, stack(0x0000000034a10000,0x0000000034b10000)]
  0x000000002c9fc000 JavaThread "Server thread" [_thread_in_native, id=111376, stack(0x0000000034910000,0x0000000034a10000)]
  0x000000002c9f9800 JavaThread "Snooper Timer" daemon [_thread_blocked, id=106072, stack(0x0000000034810000,0x0000000034910000)]
  0x000000002c9ff800 JavaThread "pool-6-thread-3" [_thread_blocked, id=110596, stack(0x0000000034410000,0x0000000034510000)]
  0x000000002c9f4800 JavaThread "pool-6-thread-2" [_thread_blocked, id=31584, stack(0x0000000034310000,0x0000000034410000)]
  0x000000002c9fa800 JavaThread "pool-6-thread-1" [_thread_blocked, id=108296, stack(0x0000000034210000,0x0000000034310000)]
  0x000000002c9fb000 JavaThread "Forestry Greenhouse Client" [_thread_blocked, id=111052, stack(0x0000000034010000,0x0000000034110000)]
  0x000000002c9f3000 JavaThread "Narrator" daemon [_thread_blocked, id=110436, stack(0x0000000031e10000,0x0000000031f10000)]
  0x00000000188d6000 JavaThread "Thread-7" [_thread_blocked, id=87916, stack(0x000000002c140000,0x000000002c240000)]
  0x00000000188d5000 JavaThread "Thread-6" [_thread_blocked, id=111612, stack(0x000000002c040000,0x000000002c140000)]
  0x0000000019c23000 JavaThread "LWJGL Timer" daemon [_thread_blocked, id=92652, stack(0x00000000287e0000,0x00000000288e0000)]
  0x000000001a166800 JavaThread "Java2D Disposer" daemon [_thread_blocked, id=110236, stack(0x000000001a780000,0x000000001a880000)]
  0x000000001645c000 JavaThread "Timer hack thread" daemon [_thread_blocked, id=105828, stack(0x0000000018170000,0x0000000018270000)]
  0x0000000014369800 JavaThread "Snooper Timer" daemon [_thread_blocked, id=103168, stack(0x0000000012490000,0x0000000012590000)]
  0x000000000f398800 JavaThread "Service Thread" daemon [_thread_blocked, id=106804, stack(0x000000000f770000,0x000000000f870000)]
  0x000000000e70d000 JavaThread "C1 CompilerThread3" daemon [_thread_blocked, id=108288, stack(0x000000000f270000,0x000000000f370000)]
=>0x000000000e70c000 JavaThread "C2 CompilerThread2" daemon [_thread_in_native, id=110848, stack(0x000000000f170000,0x000000000f270000)]
  0x000000000e705000 JavaThread "C2 CompilerThread1" daemon [_thread_in_native, id=111184, stack(0x000000000f070000,0x000000000f170000)]
  0x000000000e703000 JavaThread "C2 CompilerThread0" daemon [_thread_in_native, id=100728, stack(0x000000000ef70000,0x000000000f070000)]
  0x000000000e701800 JavaThread "Attach Listener" daemon [_thread_blocked, id=108676, stack(0x000000000ee70000,0x000000000ef70000)]
  0x000000000e700000 JavaThread "Signal Dispatcher" daemon [_thread_blocked, id=105088, stack(0x000000000ed70000,0x000000000ee70000)]
  0x000000000e6fb000 JavaThread "Surrogate Locker Thread (Concurrent GC)" daemon [_thread_blocked, id=108760, stack(0x000000000ec70000,0x000000000ed70000)]
  0x000000000e6e2800 JavaThread "Finalizer" daemon [_thread_blocked, id=110380, stack(0x000000000e980000,0x000000000ea80000)]
  0x000000000e6bb800 JavaThread "Reference Handler" daemon [_thread_blocked, id=108124, stack(0x000000000e880000,0x000000000e980000)]
  0x00000000046f4800 JavaThread "Client thread" [_thread_blocked, id=111312, stack(0x00000000045f0000,0x00000000046f0000)]

Other Threads:
  0x000000000e6b2800 VMThread [stack: 0x000000000e780000,0x000000000e880000] [id=110172]
  0x000000000f3ae800 WatcherThread [stack: 0x000000000f870000,0x000000000f970000] [id=100720]

VM state:not at safepoint (normal execution)

VM Mutex/Monitor currently owned by a thread: None

Heap:
 par new generation   total 153344K, used 39179K [0x00000006c0000000, 0x00000006ca660000, 0x00000006ca660000)
  eden space 136320K,  21% used [0x00000006c0000000, 0x00000006c1c015b8, 0x00000006c8520000)
  from space 17024K,  61% used [0x00000006c95c0000, 0x00000006ca0018d8, 0x00000006ca660000)
  to   space 17024K,   0% used [0x00000006c8520000, 0x00000006c8520000, 0x00000006c95c0000)
 concurrent mark-sweep generation total 1466088K, used 1294984K [0x00000006ca660000, 0x0000000723e1a000, 0x00000007c0000000)
 Metaspace       used 108301K, capacity 111089K, committed 111488K, reserved 1144832K
  class space    used 15429K, capacity 16129K, committed 16256K, reserved 1048576K

Card table byte_map: [0x00000000069f0000,0x0000000007200000] byte_map_base: 0x00000000033f0000

Marking Bits: (CMSBitMap*) 0x0000000004735178
 Bits: [0x0000000007be0000, 0x000000000b946800)

Mod Union Table: (CMSBitMap*) 0x0000000004735238
 Bits: [0x000000000b950000, 0x000000000ba459a0)

Polling page: 0x0000000002800000

CodeCache: size=2097152Kb used=97595Kb max_used=98475Kb free=1999556Kb
 bounds [0x000000007fff0000, 0x00000000860c0000, 0x00000000ffff0000]
 total_blobs=22382 nmethods=21146 adapters=1141
 compilation: enabled

Compilation events (10 events):
Event: 261.709 Thread 0x000000000e70d000 27179       3       net.minecraft.world.chunk.Chunk::func_76623_d (101 bytes)
Event: 261.710 Thread 0x000000000e70d000 nmethod 27179 0x000000008266b490 code [0x000000008266b6c0, 0x000000008266c420]
Event: 261.710 Thread 0x000000000e70d000 27180       3       it.unimi.dsi.fastutil.longs.Long2ObjectOpenHashMap::remove (125 bytes)
Event: 261.710 Thread 0x000000000e70d000 nmethod 27180 0x0000000083b6b050 code [0x0000000083b6b220, 0x0000000083b6b930]
Event: 261.740 Thread 0x000000000e70d000 27181       3       java.util.HashMap::removeNode (291 bytes)
Event: 261.742 Thread 0x000000000e70d000 nmethod 27181 0x0000000083c8fc90 code [0x0000000083c8ff00, 0x0000000083c914c0]
Event: 261.748 Thread 0x000000000e70d000 27182       1       net.minecraft.world.chunk.Chunk::func_177427_f (6 bytes)
Event: 261.748 Thread 0x000000000e70d000 nmethod 27182 0x00000000823cfc10 code [0x00000000823cfd60, 0x00000000823cfe78]
Event: 261.776 Thread 0x000000000e70d000 27184       3       it.unimi.dsi.fastutil.longs.AbstractLong2ObjectFunction::get (35 bytes)
Event: 261.777 Thread 0x000000000e70d000 nmethod 27184 0x00000000834693d0 code [0x0000000083469560, 0x0000000083469ae0]

GC Heap History (10 events):
Event: 260.903 GC heap before
{Heap before GC invocations=262 (full 13):
 par new generation   total 153344K, used 143428K [0x00000006c0000000, 0x00000006ca660000, 0x00000006ca660000)
  eden space 136320K, 100% used [0x00000006c0000000, 0x00000006c8520000, 0x00000006c8520000)
  from space 17024K,  41% used [0x00000006c8520000, 0x00000006c8c113f8, 0x00000006c95c0000)
  to   space 17024K,   0% used [0x00000006c95c0000, 0x00000006c95c0000, 0x00000006ca660000)
 concurrent mark-sweep generation total 1466088K, used 1291164K [0x00000006ca660000, 0x0000000723e1a000, 0x00000007c0000000)
 Metaspace       used 108115K, capacity 110909K, committed 111104K, reserved 1144832K
  class space    used 15401K, capacity 16093K, committed 16128K, reserved 1048576K
Event: 260.913 GC heap after
Heap after GC invocations=263 (full 13):
 par new generation   total 153344K, used 7257K [0x00000006c0000000, 0x00000006ca660000, 0x00000006ca660000)
  eden space 136320K,   0% used [0x00000006c0000000, 0x00000006c0000000, 0x00000006c8520000)
  from space 17024K,  42% used [0x00000006c95c0000, 0x00000006c9cd6478, 0x00000006ca660000)
  to   space 17024K,   0% used [0x00000006c8520000, 0x00000006c8520000, 0x00000006c95c0000)
 concurrent mark-sweep generation total 1466088K, used 1291772K [0x00000006ca660000, 0x0000000723e1a000, 0x00000007c0000000)
 Metaspace       used 108115K, capacity 110909K, committed 111104K, reserved 1144832K
  class space    used 15401K, capacity 16093K, committed 16128K, reserved 1048576K
}
Event: 261.050 GC heap before
{Heap before GC invocations=263 (full 13):
 par new generation   total 153344K, used 143577K [0x00000006c0000000, 0x00000006ca660000, 0x00000006ca660000)
  eden space 136320K, 100% used [0x00000006c0000000, 0x00000006c8520000, 0x00000006c8520000)
  from space 17024K,  42% used [0x00000006c95c0000, 0x00000006c9cd6478, 0x00000006ca660000)
  to   space 17024K,   0% used [0x00000006c8520000, 0x00000006c8520000, 0x00000006c95c0000)
 concurrent mark-sweep generation total 1466088K, used 1291772K [0x00000006ca660000, 0x0000000723e1a000, 0x00000007c0000000)
 Metaspace       used 108116K, capacity 110909K, committed 111104K, reserved 1144832K
  class space    used 15401K, capacity 16093K, committed 16128K, reserved 1048576K
Event: 261.059 GC heap after
Heap after GC invocations=264 (full 13):
 par new generation   total 153344K, used 8448K [0x00000006c0000000, 0x00000006ca660000, 0x00000006ca660000)
  eden space 136320K,   0% used [0x00000006c0000000, 0x00000006c0000000, 0x00000006c8520000)
  from space 17024K,  49% used [0x00000006c8520000, 0x00000006c8d60108, 0x00000006c95c0000)
  to   space 17024K,   0% used [0x00000006c95c0000, 0x00000006c95c0000, 0x00000006ca660000)
 concurrent mark-sweep generation total 1466088K, used 1292020K [0x00000006ca660000, 0x0000000723e1a000, 0x00000007c0000000)
 Metaspace       used 108116K, capacity 110909K, committed 111104K, reserved 1144832K
  class space    used 15401K, capacity 16093K, committed 16128K, reserved 1048576K
}
Event: 261.207 GC heap before
{Heap before GC invocations=264 (full 13):
 par new generation   total 153344K, used 144768K [0x00000006c0000000, 0x00000006ca660000, 0x00000006ca660000)
  eden space 136320K, 100% used [0x00000006c0000000, 0x00000006c8520000, 0x00000006c8520000)
  from space 17024K,  49% used [0x00000006c8520000, 0x00000006c8d60108, 0x00000006c95c0000)
  to   space 17024K,   0% used [0x00000006c95c0000, 0x00000006c95c0000, 0x00000006ca660000)
 concurrent mark-sweep generation total 1466088K, used 1292020K [0x00000006ca660000, 0x0000000723e1a000, 0x00000007c0000000)
 Metaspace       used 108116K, capacity 110909K, committed 111104K, reserved 1144832K
  class space    used 15401K, capacity 16093K, committed 16128K, reserved 1048576K
Event: 261.217 GC heap after
Heap after GC invocations=265 (full 13):
 par new generation   total 153344K, used 9491K [0x00000006c0000000, 0x00000006ca660000, 0x00000006ca660000)
  eden space 136320K,   0% used [0x00000006c0000000, 0x00000006c0000000, 0x00000006c8520000)
  from space 17024K,  55% used [0x00000006c95c0000, 0x00000006c9f04d48, 0x00000006ca660000)
  to   space 17024K,   0% used [0x00000006c8520000, 0x00000006c8520000, 0x00000006c95c0000)
 concurrent mark-sweep generation total 1466088K, used 1292493K [0x00000006ca660000, 0x0000000723e1a000, 0x00000007c0000000)
 Metaspace       used 108116K, capacity 110909K, committed 111104K, reserved 1144832K
  class space    used 15401K, capacity 16093K, committed 16128K, reserved 1048576K
}
Event: 261.379 GC heap before
{Heap before GC invocations=265 (full 13):
 par new generation   total 153344K, used 145811K [0x00000006c0000000, 0x00000006ca660000, 0x00000006ca660000)
  eden space 136320K, 100% used [0x00000006c0000000, 0x00000006c8520000, 0x00000006c8520000)
  from space 17024K,  55% used [0x00000006c95c0000, 0x00000006c9f04d48, 0x00000006ca660000)
  to   space 17024K,   0% used [0x00000006c8520000, 0x00000006c8520000, 0x00000006c95c0000)
 concurrent mark-sweep generation total 1466088K, used 1292493K [0x00000006ca660000, 0x0000000723e1a000, 0x00000007c0000000)
 Metaspace       used 108126K, capacity 110973K, committed 111104K, reserved 1144832K
  class space    used 15401K, capacity 16093K, committed 16128K, reserved 1048576K
Event: 261.389 GC heap after
Heap after GC invocations=266 (full 13):
 par new generation   total 153344K, used 10335K [0x00000006c0000000, 0x00000006ca660000, 0x00000006ca660000)
  eden space 136320K,   0% used [0x00000006c0000000, 0x00000006c0000000, 0x00000006c8520000)
  from space 17024K,  60% used [0x00000006c8520000, 0x00000006c8f37f18, 0x00000006c95c0000)
  to   space 17024K,   0% used [0x00000006c95c0000, 0x00000006c95c0000, 0x00000006ca660000)
 concurrent mark-sweep generation total 1466088K, used 1293662K [0x00000006ca660000, 0x0000000723e1a000, 0x00000007c0000000)
 Metaspace       used 108126K, capacity 110973K, committed 111104K, reserved 1144832K
  class space    used 15401K, capacity 16093K, committed 16128K, reserved 1048576K
}
Event: 261.565 GC heap before
{Heap before GC invocations=266 (full 13):
 par new generation   total 153344K, used 146655K [0x00000006c0000000, 0x00000006ca660000, 0x00000006ca660000)
  eden space 136320K, 100% used [0x00000006c0000000, 0x00000006c8520000, 0x00000006c8520000)
  from space 17024K,  60% used [0x00000006c8520000, 0x00000006c8f37f18, 0x00000006c95c0000)
  to   space 17024K,   0% used [0x00000006c95c0000, 0x00000006c95c0000, 0x00000006ca660000)
 concurrent mark-sweep generation total 1466088K, used 1293662K [0x00000006ca660000, 0x0000000723e1a000, 0x00000007c0000000)
 Metaspace       used 108244K, capacity 111089K, committed 111488K, reserved 1144832K
  class space    used 15424K, capacity 16129K, committed 16256K, reserved 1048576K
Event: 261.574 GC heap after
Heap after GC invocations=267 (full 13):
 par new generation   total 153344K, used 10502K [0x00000006c0000000, 0x00000006ca660000, 0x00000006ca660000)
  eden space 136320K,   0% used [0x00000006c0000000, 0x00000006c0000000, 0x00000006c8520000)
  from space 17024K,  61% used [0x00000006c95c0000, 0x00000006ca0018d8, 0x00000006ca660000)
  to   space 17024K,   0% used [0x00000006c8520000, 0x00000006c8520000, 0x00000006c95c0000)
 concurrent mark-sweep generation total 1466088K, used 1294984K [0x00000006ca660000, 0x0000000723e1a000, 0x00000007c0000000)
 Metaspace       used 108244K, capacity 111089K, committed 111488K, reserved 1144832K
  class space    used 15424K, capacity 16129K, committed 16256K, reserved 1048576K
}

Deoptimization events (10 events):
Event: 261.668 Thread 0x000000002c9fc000 Uncommon trap: reason=speculate_class_check action=maybe_recompile pc=0x00000000824bfee0 method=java.util.HashMap.comparableClassFor(Ljava/lang/Object;)Ljava/lang/Class; @ 15
Event: 261.668 Thread 0x000000002c9fc000 Uncommon trap: reason=speculate_class_check action=maybe_recompile pc=0x00000000824bfee0 method=java.util.HashMap.comparableClassFor(Ljava/lang/Object;)Ljava/lang/Class; @ 15
Event: 261.668 Thread 0x000000002c9fc000 Uncommon trap: reason=speculate_class_check action=maybe_recompile pc=0x00000000824bfee0 method=java.util.HashMap.comparableClassFor(Ljava/lang/Object;)Ljava/lang/Class; @ 15
Event: 261.668 Thread 0x000000002c9fc000 Uncommon trap: reason=unstable_if action=reinterpret pc=0x0000000080f99090 method=java.util.HashMap.putVal(ILjava/lang/Object;Ljava/lang/Object;ZZ)Ljava/lang/Object; @ 109
Event: 261.686 Thread 0x000000002c9fc000 Uncommon trap: reason=unstable_if action=reinterpret pc=0x0000000082f8da4c method=java.util.concurrent.FutureTask.finishCompletion()V @ 6
Event: 261.688 Thread 0x000000002c9fc000 Uncommon trap: reason=unstable_if action=reinterpret pc=0x00000000804a2eb0 method=java.util.HashMap.removeNode(ILjava/lang/Object;Ljava/lang/Object;ZZ)Ljava/util/HashMap$Node; @ 211
Event: 261.749 Thread 0x000000002c9fc000 Uncommon trap: reason=unstable_if action=reinterpret pc=0x0000000080a8e4d8 method=net.minecraft.world.gen.ChunkProviderServer.func_73156_b()Z @ 97
Event: 261.749 Thread 0x000000002c9fc000 Uncommon trap: reason=unstable_if action=reinterpret pc=0x0000000084c70718 method=net.minecraft.server.management.PlayerChunkMap.func_72693_b()V @ 135
Event: 261.750 Thread 0x000000002c9fc000 Uncommon trap: reason=unstable_if action=reinterpret pc=0x0000000080f51374 method=net.minecraft.world.WorldServer.func_72939_s()V @ 36
Event: 261.765 Thread 0x000000002c9fc000 Uncommon trap: reason=unstable_if action=reinterpret pc=0x00000000817d7ee8 method=net.minecraft.world.gen.ChunkProviderServer.func_73156_b()Z @ 144

Internal exceptions (10 events):
Event: 261.482 Thread 0x0000000014719000 Implicit null exception at 0x0000000080f216eb to 0x0000000080f21849
Event: 261.487 Thread 0x000000002c9fc000 Implicit null exception at 0x000000008532cc44 to 0x000000008532ceb7
Event: 261.487 Thread 0x000000002c9fc000 Exception <a 'java/lang/NullPointerException'> (0x00000006c4775868) thrown at [C:\re\workspace\8-2-build-windows-amd64-cygwin\jdk8u144\9417\hotspot\src\share\vm\runtime\sharedRuntime.cpp, line 605]
Event: 261.536 Thread 0x00000000188d5000 Exception <a 'java/lang/InterruptedException': sleep interrupted> (0x00000006c45ee440) thrown at [C:\re\workspace\8-2-build-windows-amd64-cygwin\jdk8u144\9417\hotspot\src\share\vm\prims\jvm.cpp, line 3228]
Event: 261.558 Thread 0x000000002c9fc000 Implicit null exception at 0x000000008532cc44 to 0x000000008532ceb7
Event: 261.558 Thread 0x000000002c9fc000 Exception <a 'java/lang/NullPointerException'> (0x00000006c7b73178) thrown at [C:\re\workspace\8-2-build-windows-amd64-cygwin\jdk8u144\9417\hotspot\src\share\vm\runtime\sharedRuntime.cpp, line 605]
Event: 261.686 Thread 0x000000002c9fc000 Implicit null exception at 0x000000008532cc44 to 0x000000008532ceb7
Event: 261.686 Thread 0x000000002c9fc000 Exception <a 'java/lang/NullPointerException'> (0x00000006c0bc9df0) thrown at [C:\re\workspace\8-2-build-windows-amd64-cygwin\jdk8u144\9417\hotspot\src\share\vm\runtime\sharedRuntime.cpp, line 605]
Event: 261.758 Thread 0x000000002c9fc000 Implicit null exception at 0x000000008532cc44 to 0x000000008532ceb7
Event: 261.758 Thread 0x000000002c9fc000 Exception <a 'java/lang/NullPointerException'> (0x00000006c16b1be0) thrown at [C:\re\workspace\8-2-build-windows-amd64-cygwin\jdk8u144\9417\hotspot\src\share\vm\runtime\sharedRuntime.cpp, line 605]

Events (10 events):
Event: 261.749 Thread 0x000000002c9fc000 DEOPT UNPACKING pc=0x0000000080035832 sp=0x0000000034a0eb28 mode 2
Event: 261.749 Thread 0x000000002c9fc000 Uncommon trap: trap_request=0xffffff65 fr.pc=0x0000000084c70718
Event: 261.749 Thread 0x000000002c9fc000 DEOPT PACKING pc=0x0000000084c70718 sp=0x0000000034a0ea70
Event: 261.749 Thread 0x000000002c9fc000 DEOPT UNPACKING pc=0x0000000080035832 sp=0x0000000034a0eaf8 mode 2
Event: 261.749 Thread 0x000000002c9fc000 Uncommon trap: trap_request=0xffffff65 fr.pc=0x0000000080f51374
Event: 261.750 Thread 0x000000002c9fc000 DEOPT PACKING pc=0x0000000080f51374 sp=0x0000000034a0ec30
Event: 261.750 Thread 0x000000002c9fc000 DEOPT UNPACKING pc=0x0000000080035832 sp=0x0000000034a0ebc8 mode 2
Event: 261.765 Thread 0x000000002c9fc000 Uncommon trap: trap_request=0xffffff65 fr.pc=0x00000000817d7ee8
Event: 261.765 Thread 0x000000002c9fc000 DEOPT PACKING pc=0x00000000817d7ee8 sp=0x0000000034a0eb60
Event: 261.765 Thread 0x000000002c9fc000 DEOPT UNPACKING pc=0x0000000080035832 sp=0x0000000034a0eb28 mode 2


Dynamic libraries:
0x00007ff638790000 - 0x00007ff6387c7000 	C:\Program Files\Java\jre1.8.0_144\bin\javaw.exe
0x00007fff2e6e0000 - 0x00007fff2e8c0000 	C:\WINDOWS\SYSTEM32\ntdll.dll
0x00007fff2deb0000 - 0x00007fff2df5e000 	C:\WINDOWS\System32\KERNEL32.DLL
0x00007fff2b920000 - 0x00007fff2bb86000 	C:\WINDOWS\System32\KERNELBASE.dll
0x00007fff2e2c0000 - 0x00007fff2e361000 	C:\WINDOWS\System32\ADVAPI32.dll
0x00007fff2e020000 - 0x00007fff2e0bd000 	C:\WINDOWS\System32\msvcrt.dll
0x00007fff2bbb0000 - 0x00007fff2bc0b000 	C:\WINDOWS\System32\sechost.dll
0x00007fff2e0c0000 - 0x00007fff2e1df000 	C:\WINDOWS\System32\RPCRT4.dll
0x00007fff2e4c0000 - 0x00007fff2e64f000 	C:\WINDOWS\System32\USER32.dll
0x00007fff2b680000 - 0x00007fff2b6a0000 	C:\WINDOWS\System32\win32u.dll
0x00007fff2e280000 - 0x00007fff2e2a8000 	C:\WINDOWS\System32\GDI32.dll
0x00007fff2aac0000 - 0x00007fff2ac53000 	C:\WINDOWS\System32\gdi32full.dll
0x00007fff2b820000 - 0x00007fff2b8bb000 	C:\WINDOWS\System32\msvcp_win.dll
0x00007fff2b6a0000 - 0x00007fff2b796000 	C:\WINDOWS\System32\ucrtbase.dll
0x00007fff1e660000 - 0x00007fff1e8c9000 	C:\WINDOWS\WinSxS\amd64_microsoft.windows.common-controls_6595b64144ccf1df_6.0.16299.192_none_15c8cdae9364c23b\COMCTL32.dll
0x00007fff2dba0000 - 0x00007fff2dea8000 	C:\WINDOWS\System32\combase.dll
0x00007fff2b7a0000 - 0x00007fff2b812000 	C:\WINDOWS\System32\bcryptPrimitives.dll
0x00007fff2c050000 - 0x00007fff2c07d000 	C:\WINDOWS\System32\IMM32.DLL
0x000000005fc90000 - 0x000000005fd62000 	C:\Program Files\Java\jre1.8.0_144\bin\msvcr100.dll
0x000000005f3f0000 - 0x000000005fc8d000 	C:\Program Files\Java\jre1.8.0_144\bin\server\jvm.dll
0x00007fff2e1e0000 - 0x00007fff2e1e8000 	C:\WINDOWS\System32\PSAPI.DLL
0x00007fff1a280000 - 0x00007fff1a289000 	C:\WINDOWS\SYSTEM32\WSOCK32.dll
0x00007fff295d0000 - 0x00007fff295da000 	C:\WINDOWS\SYSTEM32\VERSION.dll
0x00007fff28960000 - 0x00007fff28983000 	C:\WINDOWS\SYSTEM32\WINMM.dll
0x00007fff2e210000 - 0x00007fff2e27c000 	C:\WINDOWS\System32\WS2_32.dll
0x00007fff28820000 - 0x00007fff2884a000 	C:\WINDOWS\SYSTEM32\winmmbase.dll
0x00007fff2ac60000 - 0x00007fff2acaa000 	C:\WINDOWS\System32\cfgmgr32.dll
0x000000005f3e0000 - 0x000000005f3ef000 	C:\Program Files\Java\jre1.8.0_144\bin\verify.dll
0x000000005f3b0000 - 0x000000005f3d9000 	C:\Program Files\Java\jre1.8.0_144\bin\java.dll
0x000000005f390000 - 0x000000005f3a6000 	C:\Program Files\Java\jre1.8.0_144\bin\zip.dll
0x00007fff2c0e0000 - 0x00007fff2d516000 	C:\WINDOWS\System32\SHELL32.dll
0x00007fff2df60000 - 0x00007fff2e006000 	C:\WINDOWS\System32\shcore.dll
0x00007fff2ad60000 - 0x00007fff2b4a7000 	C:\WINDOWS\System32\windows.storage.dll
0x00007fff2e650000 - 0x00007fff2e6a1000 	C:\WINDOWS\System32\shlwapi.dll
0x00007fff2aa50000 - 0x00007fff2aa61000 	C:\WINDOWS\System32\kernel.appcore.dll
0x00007fff2aa70000 - 0x00007fff2aabc000 	C:\WINDOWS\System32\powrprof.dll
0x00007fff2aa10000 - 0x00007fff2aa2b000 	C:\WINDOWS\System32\profapi.dll
0x000000005f380000 - 0x000000005f38d000 	C:\Program Files\Java\jre1.8.0_144\bin\management.dll
0x00007fff2a460000 - 0x00007fff2a477000 	C:\WINDOWS\SYSTEM32\CRYPTSP.dll
0x00007fff29e50000 - 0x00007fff29e83000 	C:\WINDOWS\system32\rsaenh.dll
0x00007fff2a570000 - 0x00007fff2a595000 	C:\WINDOWS\SYSTEM32\bcrypt.dll
0x00007fff2a940000 - 0x00007fff2a969000 	C:\WINDOWS\SYSTEM32\USERENV.dll
0x00007fff2a480000 - 0x00007fff2a48b000 	C:\WINDOWS\SYSTEM32\CRYPTBASE.dll
0x000000005f360000 - 0x000000005f37a000 	C:\Program Files\Java\jre1.8.0_144\bin\net.dll
0x00007fff2a2a0000 - 0x00007fff2a306000 	C:\WINDOWS\system32\mswsock.dll
0x00007fff29fd0000 - 0x00007fff2a009000 	C:\WINDOWS\SYSTEM32\IPHLPAPI.DLL
0x00007fff2e010000 - 0x00007fff2e018000 	C:\WINDOWS\System32\NSI.dll
0x00007fff25a10000 - 0x00007fff25a26000 	C:\WINDOWS\SYSTEM32\dhcpcsvc6.DLL
0x00007fff25b90000 - 0x00007fff25baa000 	C:\WINDOWS\SYSTEM32\dhcpcsvc.DLL
0x000000005f340000 - 0x000000005f351000 	C:\Program Files\Java\jre1.8.0_144\bin\nio.dll
0x00007fff29550000 - 0x00007fff2955a000 	C:\Users\Ted\AppData\Local\Temp\jansi-64-3412820910482263425.dll
0x00007fff100f0000 - 0x00007fff10106000 	C:\WINDOWS\system32\napinsp.dll
0x00007fff0fbe0000 - 0x00007fff0fbfa000 	C:\WINDOWS\system32\pnrpnsp.dll
0x00007fff273c0000 - 0x00007fff273d8000 	C:\WINDOWS\system32\NLAapi.dll
0x00007fff2a010000 - 0x00007fff2a0c6000 	C:\WINDOWS\SYSTEM32\DNSAPI.dll
0x00007fff17480000 - 0x00007fff1748e000 	C:\WINDOWS\System32\winrnr.dll
0x00007fff0fa90000 - 0x00007fff0faa5000 	C:\WINDOWS\System32\wshbth.dll
0x00007fff1c960000 - 0x00007fff1c96a000 	C:\Windows\System32\rasadhlp.dll
0x00007fff1ca00000 - 0x00007fff1ca70000 	C:\WINDOWS\System32\fwpuclnt.dll
0x000000005f030000 - 0x000000005f054000 	C:\Program Files\Java\jre1.8.0_144\bin\sunec.dll
0x000000005c820000 - 0x000000005c837000 	C:\Program Files\Java\jre1.8.0_144\bin\unpack.dll
0x0000000180000000 - 0x0000000180053000 	C:\Users\Ted\Documents\Curse\Minecraft\Install\versions\forge-14.23.1.2599\forge-14.23.1.2599-natives-1385793205720680\lwjgl64.dll
0x00007fff21f50000 - 0x00007fff2206e000 	C:\WINDOWS\SYSTEM32\OPENGL32.dll
0x00007fff274a0000 - 0x00007fff274cc000 	C:\WINDOWS\SYSTEM32\GLU32.dll
0x000000005f1a0000 - 0x000000005f338000 	C:\Program Files\Java\jre1.8.0_144\bin\awt.dll
0x00007fff2bdb0000 - 0x00007fff2be75000 	C:\WINDOWS\System32\OLEAUT32.dll
0x00007fff28a80000 - 0x00007fff28b08000 	C:\WINDOWS\SYSTEM32\apphelp.dll
0x00007fff28c40000 - 0x00007fff28cd5000 	C:\WINDOWS\system32\uxtheme.dll
0x00007fff2be80000 - 0x00007fff2bfe7000 	C:\WINDOWS\System32\MSCTF.dll
0x00007fff290f0000 - 0x00007fff2911a000 	C:\WINDOWS\system32\dwmapi.dll
0x00007fff23ce0000 - 0x00007fff23d78000 	C:\WINDOWS\System32\TextInputFramework.dll
0x00007fff25ea0000 - 0x00007fff2618e000 	C:\WINDOWS\System32\CoreUIComponents.dll
0x00007fff282f0000 - 0x00007fff283cc000 	C:\WINDOWS\System32\CoreMessaging.dll
0x00007fff29b50000 - 0x00007fff29b81000 	C:\WINDOWS\SYSTEM32\ntmarta.dll
0x00007fff26770000 - 0x00007fff268a6000 	C:\WINDOWS\SYSTEM32\wintypes.dll
0x00007fff2e370000 - 0x00007fff2e4b9000 	C:\WINDOWS\System32\ole32.dll
0x00007fff2d520000 - 0x00007fff2d5be000 	C:\WINDOWS\System32\clbcatq.dll
0x0000000058050000 - 0x000000005a317000 	C:\WINDOWS\SYSTEM32\nvoglv64.DLL
0x00007fff2d5c0000 - 0x00007fff2da0e000 	C:\WINDOWS\System32\SETUPAPI.dll
0x00007fff27320000 - 0x00007fff27333000 	C:\WINDOWS\SYSTEM32\WTSAPI32.dll
0x00007fff2a820000 - 0x00007fff2a847000 	C:\WINDOWS\SYSTEM32\DEVOBJ.dll
0x00007fff2b8c0000 - 0x00007fff2b918000 	C:\WINDOWS\System32\WINTRUST.dll
0x00007fff2aa30000 - 0x00007fff2aa42000 	C:\WINDOWS\System32\MSASN1.dll
0x00007fff2b4b0000 - 0x00007fff2b67e000 	C:\WINDOWS\System32\CRYPT32.dll
0x00007fff1df90000 - 0x00007fff1e165000 	C:\WINDOWS\system32\nvspcap64.dll
0x00007fff24a90000 - 0x00007fff24b6e000 	C:\WINDOWS\SYSTEM32\WINHTTP.dll
0x00007fff20ca0000 - 0x00007fff21120000 	C:\WINDOWS\system32\nvapi64.dll
0x00007fff29880000 - 0x00007fff2992f000 	C:\WINDOWS\SYSTEM32\dxgi.dll
0x00007fff2a870000 - 0x00007fff2a90a000 	C:\WINDOWS\SYSTEM32\sxs.dll
0x00007fff1e8d0000 - 0x00007fff1e967000 	C:\WINDOWS\SYSTEM32\mscms.dll
0x00007fff217c0000 - 0x00007fff21801000 	C:\WINDOWS\SYSTEM32\icm32.dll
0x00007fff2a1c0000 - 0x00007fff2a215000 	C:\WINDOWS\SYSTEM32\WINSTA.dll
0x00007fff21240000 - 0x00007fff21282000 	C:\Users\Ted\AppData\Local\Temp\jna-83955\jna2332902339645186080.dll
0x000000005c860000 - 0x000000005c86b000 	C:\Program Files\Java\jre1.8.0_144\bin\sunmscapi.dll
0x0000000016920000 - 0x0000000016984000 	C:\Users\Ted\Documents\Curse\Minecraft\Install\versions\forge-14.23.1.2599\forge-14.23.1.2599-natives-1385793205720680\OpenAL64.dll
0x00007fff24b70000 - 0x00007fff24bdf000 	C:\WINDOWS\System32\MMDevApi.dll
0x00007fff28ef0000 - 0x00007fff290a1000 	C:\WINDOWS\System32\PROPSYS.dll
0x00007fff0ad00000 - 0x00007fff0ad8f000 	C:\WINDOWS\SYSTEM32\dsound.dll
0x00007ffeffb20000 - 0x00007ffeffc42000 	C:\WINDOWS\SYSTEM32\AUDIOSES.DLL
0x00007fff26720000 - 0x00007fff2672a000 	C:\WINDOWS\SYSTEM32\AVRT.dll
0x00007fff21f30000 - 0x00007fff21f4a000 	C:\Users\Ted\Documents\Curse\Minecraft\Install\versions\forge-14.23.1.2599\forge-14.23.1.2599-natives-1385793205720680\SAPIWrapper_x64.dll

VM Arguments:
jvm_args: -XX:HeapDumpPath=MojangTricksIntelDriversForPerformance_javaw.exe_minecraft.exe.heapdump -Xmx4096m -Xms256m -XX:PermSize=256m -Dminecraft.applet.TargetDirectory=C:\Users\Ted\Documents\Curse\Minecraft\Instances\infitech-prototype -Dfml.ignorePatchDiscrepancies=true -Dfml.ignoreInvalidMinecraftCertificates=true -Duser.language=en -Duser.country=US -XX:+UseConcMarkSweepGC -XX:+UseParNewGC -XX:+CMSIncrementalPacing -XX:ParallelGCThreads=2 -XX:+AggressiveOpts -XX:ReservedCodeCacheSize=2048m -Djava.library.path=C:\Users\Ted\Documents\Curse\Minecraft\Install\versions\forge-14.23.1.2599\forge-14.23.1.2599-natives-1385793205720680 
java_command: net.minecraft.launchwrapper.Launch --username Teddy_K_Godboss --version forge-14.23.1.2599 --gameDir C:\Users\Ted\Documents\Curse\Minecraft\Instances\infitech-prototype --assetsDir C:\Users\Ted\Documents\Curse\Minecraft\Install\assets --assetIndex 1.12 --uuid bcab27de85d54b3b87cac9c4792a3bcd --accessToken 1a6bcfee8a2844dfb2c0ee355a841461 --userType legacy --tweakClass net.minecraftforge.fml.common.launcher.FMLTweaker --versionType Forge --width 1024 --height 768
java_class_path (initial): C:\Users\Ted\Documents\Curse\Minecraft\Install\libraries\net\minecraftforge\forge\1.12.2-14.23.1.2599\forge-1.12.2-14.23.1.2599.jar;C:\Users\Ted\Documents\Curse\Minecraft\Install\libraries\net\minecraft\launchwrapper\1.12\launchwrapper-1.12.jar;C:\Users\Ted\Documents\Curse\Minecraft\Install\libraries\org\ow2\asm\asm-all\5.2\asm-all-5.2.jar;C:\Users\Ted\Documents\Curse\Minecraft\Install\libraries\jline\jline\2.13\jline-2.13.jar;C:\Users\Ted\Documents\Curse\Minecraft\Install\libraries\com\typesafe\akka\akka-actor_2.11\2.3.3\akka-actor_2.11-2.3.3.jar;C:\Users\Ted\Documents\Curse\Minecraft\Install\libraries\com\typesafe\config\1.2.1\config-1.2.1.jar;C:\Users\Ted\Documents\Curse\Minecraft\Install\libraries\org\scala-lang\scala-actors-migration_2.11\1.1.0\scala-actors-migration_2.11-1.1.0.jar;C:\Users\Ted\Documents\Curse\Minecraft\Install\libraries\org\scala-lang\scala-compiler\2.11.1\scala-compiler-2.11.1.jar;C:\Users\Ted\Documents\Curse\Minecraft\Install\libraries\org\scala-lang\plugins\scala-continuations-library_2.11\1.0.2\scala-continuations-library_2.11-1.0.2.jar;C:\Users\Ted\Documents\Curse\Minecraft\Install\libraries\org\scala-lang\plugins\scala-continuations-plugin_2.11.1\1.0.2\scala-continuations-plugin_2.11.1-1.0.2.jar;C:\Users\Ted\Documents\Curse\Minecraft\Install\libraries\org\scala-lang\scala-library\2.11.1\scala-library-2.11.1.jar;C:\Users\Ted\Documents\Curse\Minecraft\Install\libraries\org\scala-lang\scala-parser-combinators_2.11\1.0.1\scala-parser-combinators_2.11-1.0.1.jar;C:\Users\Ted\Documents\Curse\Minecraft\Install\libraries\org\scala-lang\scala-reflect\2.11.1\scala-reflect-2.11.1.jar;C:\Users\Ted\Documents\Curse\Minecraft\Install\libraries\org\scala-lang\scala-swing_2.11\1.0.1\scala-swing_2.11-1.0.1.jar;C:\Users\Ted\Documents\Curse\Minecraft\Install\libraries\org\scala-lang\scala-xml_2.11\1.0.2\scala-xml_2.11-1.0.2.jar;C:\Users\Ted\Documents\Curse\Minecraft\Install\libraries\lzma\lzma\0.0.1\lzma-0.0.1.jar;C:\Users\Ted\Do
Launcher Type: SUN_STANDARD

Environment Variables:
JAVA_HOME=C:\Program Files\Java\jdk1.8.0_131
PATH=C:\Program Files (x86)\Common Files\Microsoft Shared\Windows Live;C:\ProgramData\Oracle\Java\javapath;C:\Program Files (x86)\Intel\iCLS Client\;C:\Program Files\Intel\iCLS Client\;C:\WINDOWS\system32;C:\WINDOWS;C:\WINDOWS\System32\Wbem;C:\WINDOWS\System32\WindowsPowerShell\v1.0\;C:\Program Files\Intel\Intel(R) Management Engine Components\DAL;C:\Program Files\Intel\Intel(R) Management Engine Components\IPT;C:\Program Files (x86)\Intel\Intel(R) Management Engine Components\DAL;C:\Program Files (x86)\Intel\Intel(R) Management Engine Components\IPT;C:\Program Files (x86)\AMD\ATI.ACE\Core-Static;C:\Users\Ted\.dnx\bin;C:\Program Files\Microsoft DNX\Dnvm\;C:\Program Files\Microsoft SQL Server\120\Tools\Binn\;C:\Program Files (x86)\ATI Technologies\ATI.ACE\Core-Static;C:\Program Files (x86)\Skype\Phone\;C:\Program Files (x86)\Microsoft SQL Server\Client SDK\ODBC\130\Tools\Binn\;C:\Program Files (x86)\Microsoft SQL Server\130\Tools\Binn\;C:\Program Files (x86)\Microsoft SQL Server\130\DTS\Binn\;C:\Program Files (x86)\Microsoft SQL Server\130\Tools\Binn\ManagementStudio\;C:\Program Files (x86)\NVIDIA Corporation\PhysX\Common;E:\Program Files\nodejs\;C:\Program Files\dotnet\;%SystemRoot%\system32;%SystemRoot%;%SystemRoot%\System32\Wbem;%SYSTEMROOT%\System32\WindowsPowerShell\v1.0\;C:\Program Files\Common Files\Microsoft Shared\Windows Live;C:\Users\Ted\AppData\Local\Microsoft\WindowsApps;;E:\Microsoft VS Code\bin;C:\Users\Ted\AppData\Roaming\npm
USERNAME=Ted
OS=Windows_NT
PROCESSOR_IDENTIFIER=Intel64 Family 6 Model 42 Stepping 7, GenuineIntel



---------------  S Y S T E M  ---------------

OS: Windows 10.0 , 64 bit Build 16299 (10.0.16299.15)

CPU:total 8 (initial active 8) (4 cores per cpu, 2 threads per core) family 6 model 42 stepping 7, cmov, cx8, fxsr, mmx, sse, sse2, sse3, ssse3, sse4.1, sse4.2, popcnt, avx, aes, clmul, ht, tsc, tscinvbit

Memory: 4k page, physical 16743564k(4577716k free), swap 49474796k(2232k free)

vm_info: Java HotSpot(TM) 64-Bit Server VM (25.144-b01) for windows-amd64 JRE (1.8.0_144-b01), built on Jul 21 2017 21:57:33 by "java_re" with MS VC++ 10.0 (VS2010)

time: Sun Feb 11 21:06:44 2018
elapsed time: 261 seconds (0d 0h 4m 21s)

